Started GET "/" for ::1 at 2017-02-24 21:12:15 +0100
Processing by Rails::WelcomeController#index as HTML
  Rendering /Users/maxgronlund/.rvm/gems/ruby-2.4.0@tue/gems/railties-5.1.0.beta1/lib/rails/templates/rails/welcome/index.html.erb
  Rendered /Users/maxgronlund/.rvm/gems/ruby-2.4.0@tue/gems/railties-5.1.0.beta1/lib/rails/templates/rails/welcome/index.html.erb (2.4ms)
Completed 200 OK in 15ms (Views: 5.4ms | ActiveRecord: 0.0ms)


Started GET "/" for ::1 at 2017-02-24 21:31:14 +0100
Processing by Rails::WelcomeController#index as HTML
  Rendering /Users/maxgronlund/.rvm/gems/ruby-2.3.1/gems/railties-5.1.0.beta1/lib/rails/templates/rails/welcome/index.html.erb
  Rendered /Users/maxgronlund/.rvm/gems/ruby-2.3.1/gems/railties-5.1.0.beta1/lib/rails/templates/rails/welcome/index.html.erb (4.4ms)
Completed 200 OK in 17ms (Views: 8.1ms | ActiveRecord: 0.0ms)


  [1m[35m (18.0ms)[0m  [1m[35mCREATE TABLE "schema_migrations" ("version" character varying NOT NULL PRIMARY KEY)[0m
  [1m[35m (1.9ms)[0m  [1m[35mCREATE TABLE "ar_internal_metadata" ("key" character varying NOT NULL PRIMARY KEY, "value" character varying, "created_at" timestamp NOT NULL, "updated_at" timestamp NOT NULL)[0m
  [1m[35m (0.5ms)[0m  [1m[34mSELECT pg_try_advisory_lock(6997211775052663290);[0m
  [1m[36mActiveRecord::SchemaMigration Load (0.3ms)[0m  [1m[34mSELECT "schema_migrations".* FROM "schema_migrations"[0m
Migrating to CreateUsers (20170224235704)
  [1m[35m (0.1ms)[0m  [1m[35mBEGIN[0m
  [1m[35m (3.7ms)[0m  [1m[35mCREATE TABLE "users" ("id" bigserial primary key, "email" character varying, "created_at" timestamp NOT NULL, "updated_at" timestamp NOT NULL)[0m
  [1m[35mSQL (0.6ms)[0m  [1m[32mINSERT INTO "schema_migrations" ("version") VALUES ($1) RETURNING "version"[0m  [["version", "20170224235704"]]
  [1m[35m (1.2ms)[0m  [1m[35mCOMMIT[0m
  [1m[36mActiveRecord::InternalMetadata Load (1.0ms)[0m  [1m[34mSELECT  "ar_internal_metadata".* FROM "ar_internal_metadata" WHERE "ar_internal_metadata"."key" = $1 LIMIT $2[0m  [["key", "environment"], ["LIMIT", 1]]
  [1m[35m (0.1ms)[0m  [1m[35mBEGIN[0m
  [1m[35mSQL (0.4ms)[0m  [1m[32mINSERT INTO "ar_internal_metadata" ("key", "value", "created_at", "updated_at") VALUES ($1, $2, $3, $4) RETURNING "key"[0m  [["key", "environment"], ["value", "development"], ["created_at", "2017-02-24 23:57:21.109594"], ["updated_at", "2017-02-24 23:57:21.109594"]]
  [1m[35m (0.3ms)[0m  [1m[35mCOMMIT[0m
  [1m[35m (0.1ms)[0m  [1m[34mSELECT pg_advisory_unlock(6997211775052663290)[0m
  [1m[36mActiveRecord::SchemaMigration Load (0.2ms)[0m  [1m[34mSELECT "schema_migrations".* FROM "schema_migrations"[0m
